<?xml version="1.0" encoding="UTF-8"?>
<coverage generated="1772356605092" clover="3.2.0">
  <project timestamp="1772356605092" name="All files">
    <metrics statements="243" coveredstatements="175" conditionals="73" coveredconditionals="50" methods="101" coveredmethods="59" elements="417" coveredelements="284" complexity="0" loc="243" ncloc="243" packages="1" files="4" classes="4"/>
    <file name="AchievementSystem.ts" path="/root/.openclaw/workspace/games/cross-platform-messenger/src/systems/AchievementSystem.ts">
      <metrics statements="93" coveredstatements="83" conditionals="30" coveredconditionals="29" methods="39" coveredmethods="30"/>
      <line num="1" count="1" type="stmt"/>
      <line num="12" count="1" type="stmt"/>
      <line num="13" count="10" type="stmt"/>
      <line num="14" count="10" type="stmt"/>
      <line num="15" count="10" type="stmt"/>
      <line num="18" count="10" type="stmt"/>
      <line num="19" count="10" type="stmt"/>
      <line num="20" count="10" type="stmt"/>
      <line num="21" count="10" type="stmt"/>
      <line num="25" count="10" type="stmt"/>
      <line num="31" count="7" type="stmt"/>
      <line num="34" count="10" type="stmt"/>
      <line num="40" count="7" type="stmt"/>
      <line num="43" count="10" type="stmt"/>
      <line num="49" count="7" type="stmt"/>
      <line num="52" count="10" type="stmt"/>
      <line num="58" count="7" type="stmt"/>
      <line num="61" count="10" type="stmt"/>
      <line num="67" count="7" type="stmt"/>
      <line num="70" count="10" type="stmt"/>
      <line num="76" count="7" type="stmt"/>
      <line num="79" count="10" type="stmt"/>
      <line num="85" count="7" type="stmt"/>
      <line num="89" count="10" type="stmt"/>
      <line num="95" count="7" type="stmt"/>
      <line num="98" count="10" type="stmt"/>
      <line num="104" count="7" type="stmt"/>
      <line num="107" count="10" type="stmt"/>
      <line num="113" count="7" type="stmt"/>
      <line num="116" count="10" type="stmt"/>
      <line num="122" count="7" type="stmt"/>
      <line num="127" count="7" type="stmt"/>
      <line num="129" count="7" type="stmt"/>
      <line num="130" count="77" type="cond" truecount="3" falsecount="0"/>
      <line num="131" count="1" type="stmt"/>
      <line num="132" count="1" type="stmt"/>
      <line num="133" count="1" type="stmt"/>
      <line num="137" count="7" type="stmt"/>
      <line num="141" count="0" type="stmt"/>
      <line num="145" count="0" type="stmt"/>
      <line num="149" count="0" type="stmt"/>
      <line num="153" count="0" type="stmt"/>
      <line num="157" count="7" type="stmt"/>
      <line num="158" count="7" type="cond" truecount="3" falsecount="0"/>
      <line num="159" count="4" type="stmt"/>
      <line num="160" count="4" type="stmt"/>
      <line num="161" count="4" type="stmt"/>
      <line num="163" count="3" type="stmt"/>
      <line num="167" count="0" type="stmt"/>
      <line num="172" count="0" type="stmt"/>
      <line num="177" count="7" type="stmt"/>
      <line num="178" count="7" type="cond" truecount="1" falsecount="0"/>
      <line num="179" count="4" type="stmt"/>
      <line num="181" count="7" type="stmt"/>
      <line num="185" count="4" type="stmt"/>
      <line num="186" count="4" type="cond" truecount="2" falsecount="0"/>
      <line num="190" count="7" type="cond" truecount="2" falsecount="0"/>
      <line num="191" count="7" type="stmt"/>
      <line num="192" count="7" type="stmt"/>
      <line num="195" count="7" type="stmt"/>
      <line num="199" count="10" type="cond" truecount="1" falsecount="1"/>
      <line num="203" count="1" type="stmt"/>
      <line num="204" count="1" type="cond" truecount="1" falsecount="0"/>
      <line num="205" count="0" type="stmt"/>
      <line num="209" count="1" type="stmt"/>
      <line num="210" count="11" type="stmt"/>
      <line num="211" count="2" type="stmt"/>
      <line num="215" count="4" type="stmt"/>
      <line num="216" count="4" type="stmt"/>
      <line num="217" count="44" type="stmt"/>
      <line num="220" count="4" type="stmt"/>
      <line num="222" count="0" type="stmt"/>
      <line num="227" count="10" type="stmt"/>
      <line num="228" count="10" type="stmt"/>
      <line num="229" count="10" type="cond" truecount="1" falsecount="0"/>
      <line num="230" count="4" type="stmt"/>
      <line num="233" count="4" type="cond" truecount="3" falsecount="0"/>
      <line num="234" count="2" type="stmt"/>
      <line num="235" count="2" type="stmt"/>
      <line num="236" count="2" type="cond" truecount="1" falsecount="0"/>
      <line num="237" count="2" type="stmt"/>
      <line num="243" count="4" type="cond" truecount="3" falsecount="0"/>
      <line num="244" count="2" type="stmt"/>
      <line num="245" count="22" type="stmt"/>
      <line num="246" count="22" type="cond" truecount="1" falsecount="0"/>
      <line num="247" count="22" type="stmt"/>
      <line num="253" count="4" type="cond" truecount="4" falsecount="0"/>
      <line num="254" count="2" type="stmt"/>
      <line num="255" count="2" type="stmt"/>
      <line num="260" count="4" type="cond" truecount="3" falsecount="0"/>
      <line num="261" count="2" type="stmt"/>
      <line num="262" count="0" type="stmt"/>
      <line num="267" count="0" type="stmt"/>
    </file>
    <file name="AudioManager.ts" path="/root/.openclaw/workspace/games/cross-platform-messenger/src/systems/AudioManager.ts">
      <metrics statements="56" coveredstatements="34" conditionals="7" coveredconditionals="4" methods="27" coveredmethods="13"/>
      <line num="1" count="1" type="stmt"/>
      <line num="3" count="1" type="stmt"/>
      <line num="4" count="9" type="stmt"/>
      <line num="5" count="9" type="stmt"/>
      <line num="6" count="9" type="stmt"/>
      <line num="7" count="9" type="stmt"/>
      <line num="10" count="9" type="stmt"/>
      <line num="11" count="9" type="stmt"/>
      <line num="12" count="9" type="stmt"/>
      <line num="21" count="0" type="cond" truecount="0" falsecount="1"/>
      <line num="23" count="0" type="stmt"/>
      <line num="24" count="0" type="cond" truecount="0" falsecount="1"/>
      <line num="25" count="0" type="stmt"/>
      <line num="30" count="11" type="stmt"/>
      <line num="35" count="1" type="stmt"/>
      <line num="36" count="1" type="stmt"/>
      <line num="37" count="1" type="stmt"/>
      <line num="42" count="0" type="stmt"/>
      <line num="47" count="1" type="stmt"/>
      <line num="48" count="1" type="stmt"/>
      <line num="49" count="1" type="stmt"/>
      <line num="50" count="1" type="stmt"/>
      <line num="54" count="0" type="stmt"/>
      <line num="58" count="0" type="stmt"/>
      <line num="62" count="13" type="cond" truecount="0" falsecount="1"/>
      <line num="64" count="13" type="stmt"/>
      <line num="65" count="13" type="cond" truecount="2" falsecount="0"/>
      <line num="66" count="0" type="stmt"/>
      <line num="67" count="0" type="stmt"/>
      <line num="69" count="0" type="stmt"/>
      <line num="70" count="0" type="stmt"/>
      <line num="72" count="0" type="stmt"/>
      <line num="73" count="0" type="stmt"/>
      <line num="75" count="0" type="stmt"/>
      <line num="76" count="0" type="stmt"/>
      <line num="78" count="0" type="stmt"/>
      <line num="79" count="0" type="stmt"/>
      <line num="81" count="13" type="stmt"/>
      <line num="86" count="3" type="stmt"/>
      <line num="87" count="3" type="stmt"/>
      <line num="91" count="0" type="stmt"/>
      <line num="96" count="15" type="cond" truecount="1" falsecount="0"/>
      <line num="98" count="14" type="stmt"/>
      <line num="99" count="11" type="stmt"/>
      <line num="100" count="1" type="stmt"/>
      <line num="101" count="0" type="stmt"/>
      <line num="102" count="0" type="stmt"/>
      <line num="103" count="0" type="stmt"/>
      <line num="104" count="0" type="stmt"/>
      <line num="105" count="1" type="stmt"/>
      <line num="108" count="14" type="stmt"/>
      <line num="109" count="14" type="cond" truecount="1" falsecount="0"/>
      <line num="110" count="13" type="stmt"/>
      <line num="115" count="2" type="stmt"/>
      <line num="119" count="3" type="stmt"/>
      <line num="120" count="3" type="stmt"/>
    </file>
    <file name="GameState.ts" path="/root/.openclaw/workspace/games/cross-platform-messenger/src/systems/GameState.ts">
      <metrics statements="40" coveredstatements="26" conditionals="13" coveredconditionals="7" methods="15" coveredmethods="8"/>
      <line num="1" count="1" type="stmt"/>
      <line num="2" count="33" type="stmt"/>
      <line num="3" count="33" type="stmt"/>
      <line num="4" count="33" type="stmt"/>
      <line num="7" count="33" type="stmt"/>
      <line num="17" count="33" type="stmt"/>
      <line num="21" count="20" type="cond" truecount="1" falsecount="0"/>
      <line num="22" count="1" type="stmt"/>
      <line num="25" count="19" type="stmt"/>
      <line num="26" count="19" type="stmt"/>
      <line num="27" count="19" type="stmt"/>
      <line num="31" count="19" type="stmt"/>
      <line num="35" count="0" type="stmt"/>
      <line num="39" count="31" type="stmt"/>
      <line num="43" count="2" type="stmt"/>
      <line num="47" count="1" type="stmt"/>
      <line num="48" count="1" type="stmt"/>
      <line num="52" count="0" type="stmt"/>
      <line num="56" count="0" type="stmt"/>
      <line num="57" count="0" type="stmt"/>
      <line num="61" count="0" type="stmt"/>
      <line num="65" count="0" type="stmt"/>
      <line num="66" count="0" type="stmt"/>
      <line num="67" count="0" type="stmt"/>
      <line num="68" count="0" type="stmt"/>
      <line num="72" count="20" type="stmt"/>
      <line num="73" count="20" type="stmt"/>
      <line num="78" count="20" type="stmt"/>
      <line num="80" count="0" type="stmt"/>
      <line num="85" count="33" type="stmt"/>
      <line num="86" count="33" type="stmt"/>
      <line num="87" count="33" type="cond" truecount="1" falsecount="0"/>
      <line num="88" count="4" type="stmt"/>
      <line num="89" count="4" type="cond" truecount="1" falsecount="2"/>
      <line num="90" count="4" type="cond" truecount="1" falsecount="2"/>
      <line num="91" count="4" type="cond" truecount="3" falsecount="0"/>
      <line num="94" count="0" type="stmt"/>
      <line num="100" count="0" type="stmt"/>
      <line num="106" count="0" type="cond" truecount="0" falsecount="2"/>
      <line num="107" count="0" type="stmt"/>
    </file>
    <file name="PuzzleSystem.ts" path="/root/.openclaw/workspace/games/cross-platform-messenger/src/systems/PuzzleSystem.ts">
      <metrics statements="54" coveredstatements="32" conditionals="23" coveredconditionals="10" methods="20" coveredmethods="8"/>
      <line num="1" count="1" type="stmt"/>
      <line num="12" count="1" type="stmt"/>
      <line num="13" count="13" type="stmt"/>
      <line num="14" count="13" type="stmt"/>
      <line num="15" count="13" type="stmt"/>
      <line num="18" count="13" type="stmt"/>
      <line num="19" count="13" type="stmt"/>
      <line num="20" count="13" type="stmt"/>
      <line num="25" count="13" type="stmt"/>
      <line num="32" count="3" type="cond" truecount="2" falsecount="0"/>
      <line num="38" count="13" type="stmt"/>
      <line num="44" count="0" type="stmt"/>
      <line num="45" count="0" type="cond" truecount="0" falsecount="2"/>
      <line num="51" count="13" type="stmt"/>
      <line num="57" count="0" type="stmt"/>
      <line num="63" count="13" type="stmt"/>
      <line num="69" count="1" type="cond" truecount="2" falsecount="0"/>
      <line num="76" count="0" type="stmt"/>
      <line num="80" count="0" type="stmt"/>
      <line num="81" count="0" type="cond" truecount="0" falsecount="1"/>
      <line num="83" count="0" type="stmt"/>
      <line num="87" count="0" type="stmt"/>
      <line num="88" count="0" type="cond" truecount="0" falsecount="1"/>
      <line num="90" count="0" type="stmt"/>
      <line num="92" count="0" type="cond" truecount="0" falsecount="3"/>
      <line num="93" count="0" type="stmt"/>
      <line num="94" count="0" type="stmt"/>
      <line num="97" count="0" type="stmt"/>
      <line num="101" count="0" type="stmt"/>
      <line num="105" count="0" type="stmt"/>
      <line num="106" count="0" type="stmt"/>
      <line num="111" count="0" type="stmt"/>
      <line num="112" count="0" type="cond" truecount="0" falsecount="2"/>
      <line num="116" count="0" type="stmt"/>
      <line num="123" count="0" type="stmt"/>
      <line num="128" count="10" type="stmt"/>
      <line num="129" count="10" type="stmt"/>
      <line num="133" count="10" type="stmt"/>
      <line num="134" count="10" type="cond" truecount="0" falsecount="1"/>
      <line num="135" count="10" type="cond" truecount="0" falsecount="1"/>
      <line num="136" count="10" type="cond" truecount="0" falsecount="1"/>
      <line num="139" count="14" type="stmt"/>
      <line num="143" count="6" type="stmt"/>
      <line num="144" count="6" type="cond" truecount="0" falsecount="1"/>
      <line num="145" count="0" type="stmt"/>
      <line num="149" count="6" type="cond" truecount="3" falsecount="0"/>
      <line num="150" count="2" type="stmt"/>
      <line num="153" count="4" type="stmt"/>
      <line num="155" count="4" type="cond" truecount="2" falsecount="0"/>
      <line num="156" count="2" type="cond" truecount="1" falsecount="0"/>
      <line num="157" count="2" type="stmt"/>
      <line num="158" count="2" type="stmt"/>
      <line num="160" count="2" type="stmt"/>
      <line num="162" count="2" type="stmt"/>
    </file>
  </project>
</coverage>
