{"/root/.openclaw/workspace/games/cross-platform-messenger/src/systems/AchievementSystem.ts": {"path":"/root/.openclaw/workspace/games/cross-platform-messenger/src/systems/AchievementSystem.ts","statementMap":{"0":{"start":{"line":1,"column":0},"end":{"line":1,"column":27}},"1":{"start":{"line":18,"column":4},"end":{"line":18,"column":null}},"2":{"start":{"line":13,"column":10},"end":{"line":13,"column":null}},"3":{"start":{"line":14,"column":10},"end":{"line":14,"column":null}},"4":{"start":{"line":15,"column":10},"end":{"line":15,"column":null}},"5":{"start":{"line":19,"column":4},"end":{"line":19,"column":null}},"6":{"start":{"line":20,"column":4},"end":{"line":20,"column":null}},"7":{"start":{"line":21,"column":4},"end":{"line":21,"column":null}},"8":{"start":{"line":25,"column":4},"end":{"line":32,"column":null}},"9":{"start":{"line":31,"column":23},"end":{"line":31,"column":63}},"10":{"start":{"line":34,"column":4},"end":{"line":41,"column":null}},"11":{"start":{"line":40,"column":23},"end":{"line":40,"column":63}},"12":{"start":{"line":43,"column":4},"end":{"line":50,"column":null}},"13":{"start":{"line":49,"column":23},"end":{"line":49,"column":63}},"14":{"start":{"line":52,"column":4},"end":{"line":59,"column":null}},"15":{"start":{"line":58,"column":23},"end":{"line":58,"column":28}},"16":{"start":{"line":61,"column":4},"end":{"line":68,"column":null}},"17":{"start":{"line":67,"column":23},"end":{"line":67,"column":28}},"18":{"start":{"line":70,"column":4},"end":{"line":77,"column":null}},"19":{"start":{"line":76,"column":23},"end":{"line":76,"column":63}},"20":{"start":{"line":79,"column":4},"end":{"line":86,"column":null}},"21":{"start":{"line":85,"column":23},"end":{"line":85,"column":57}},"22":{"start":{"line":89,"column":4},"end":{"line":96,"column":null}},"23":{"start":{"line":95,"column":23},"end":{"line":95,"column":28}},"24":{"start":{"line":98,"column":4},"end":{"line":105,"column":null}},"25":{"start":{"line":104,"column":23},"end":{"line":104,"column":28}},"26":{"start":{"line":107,"column":4},"end":{"line":114,"column":null}},"27":{"start":{"line":113,"column":23},"end":{"line":113,"column":28}},"28":{"start":{"line":116,"column":4},"end":{"line":123,"column":null}},"29":{"start":{"line":122,"column":23},"end":{"line":122,"column":28}},"30":{"start":{"line":127,"column":36},"end":{"line":127,"column":38}},"31":{"start":{"line":129,"column":4},"end":{"line":135,"column":null}},"32":{"start":{"line":130,"column":6},"end":{"line":134,"column":7}},"33":{"start":{"line":131,"column":8},"end":{"line":131,"column":null}},"34":{"start":{"line":132,"column":8},"end":{"line":132,"column":null}},"35":{"start":{"line":133,"column":8},"end":{"line":133,"column":null}},"36":{"start":{"line":137,"column":4},"end":{"line":137,"column":null}},"37":{"start":{"line":141,"column":4},"end":{"line":141,"column":null}},"38":{"start":{"line":145,"column":4},"end":{"line":145,"column":null}},"39":{"start":{"line":149,"column":4},"end":{"line":149,"column":null}},"40":{"start":{"line":149,"column":64},"end":{"line":149,"column":74}},"41":{"start":{"line":153,"column":4},"end":{"line":153,"column":null}},"42":{"start":{"line":157,"column":24},"end":{"line":157,"column":49}},"43":{"start":{"line":158,"column":4},"end":{"line":162,"column":5}},"44":{"start":{"line":159,"column":6},"end":{"line":159,"column":null}},"45":{"start":{"line":160,"column":6},"end":{"line":160,"column":null}},"46":{"start":{"line":161,"column":6},"end":{"line":161,"column":null}},"47":{"start":{"line":163,"column":4},"end":{"line":163,"column":null}},"48":{"start":{"line":167,"column":4},"end":{"line":167,"column":null}},"49":{"start":{"line":167,"column":38},"end":{"line":167,"column":56}},"50":{"start":{"line":172,"column":4},"end":{"line":172,"column":null}},"51":{"start":{"line":177,"column":19},"end":{"line":177,"column":45}},"52":{"start":{"line":178,"column":4},"end":{"line":180,"column":5}},"53":{"start":{"line":179,"column":6},"end":{"line":179,"column":null}},"54":{"start":{"line":181,"column":4},"end":{"line":181,"column":null}},"55":{"start":{"line":185,"column":24},"end":{"line":185,"column":49}},"56":{"start":{"line":186,"column":4},"end":{"line":186,"column":null}},"57":{"start":{"line":190,"column":20},"end":{"line":190,"column":49}},"58":{"start":{"line":191,"column":20},"end":{"line":191,"column":38}},"59":{"start":{"line":192,"column":4},"end":{"line":192,"column":null}},"60":{"start":{"line":195,"column":4},"end":{"line":195,"column":null}},"61":{"start":{"line":199,"column":4},"end":{"line":199,"column":null}},"62":{"start":{"line":203,"column":24},"end":{"line":203,"column":49}},"63":{"start":{"line":204,"column":4},"end":{"line":204,"column":null}},"64":{"start":{"line":204,"column":22},"end":{"line":204,"column":null}},"65":{"start":{"line":205,"column":4},"end":{"line":205,"column":null}},"66":{"start":{"line":209,"column":4},"end":{"line":211,"column":null}},"67":{"start":{"line":210,"column":21},"end":{"line":210,"column":31}},"68":{"start":{"line":211,"column":18},"end":{"line":211,"column":22}},"69":{"start":{"line":215,"column":4},"end":{"line":226,"column":5}},"70":{"start":{"line":216,"column":19},"end":{"line":222,"column":null}},"71":{"start":{"line":217,"column":80},"end":{"line":220,"column":10}},"72":{"start":{"line":223,"column":6},"end":{"line":223,"column":null}},"73":{"start":{"line":225,"column":6},"end":{"line":225,"column":null}},"74":{"start":{"line":230,"column":4},"end":{"line":271,"column":5}},"75":{"start":{"line":231,"column":20},"end":{"line":231,"column":79}},"76":{"start":{"line":232,"column":6},"end":{"line":268,"column":7}},"77":{"start":{"line":233,"column":21},"end":{"line":233,"column":38}},"78":{"start":{"line":236,"column":8},"end":{"line":243,"column":9}},"79":{"start":{"line":237,"column":10},"end":{"line":242,"column":null}},"80":{"start":{"line":238,"column":32},"end":{"line":238,"column":57}},"81":{"start":{"line":239,"column":12},"end":{"line":241,"column":13}},"82":{"start":{"line":240,"column":14},"end":{"line":240,"column":null}},"83":{"start":{"line":246,"column":8},"end":{"line":253,"column":9}},"84":{"start":{"line":247,"column":10},"end":{"line":252,"column":null}},"85":{"start":{"line":248,"column":32},"end":{"line":248,"column":62}},"86":{"start":{"line":249,"column":12},"end":{"line":251,"column":13}},"87":{"start":{"line":250,"column":14},"end":{"line":250,"column":null}},"88":{"start":{"line":256,"column":8},"end":{"line":260,"column":9}},"89":{"start":{"line":257,"column":10},"end":{"line":259,"column":null}},"90":{"start":{"line":258,"column":12},"end":{"line":258,"column":null}},"91":{"start":{"line":263,"column":8},"end":{"line":267,"column":9}},"92":{"start":{"line":264,"column":10},"end":{"line":266,"column":null}},"93":{"start":{"line":265,"column":12},"end":{"line":265,"column":null}},"94":{"start":{"line":270,"column":6},"end":{"line":270,"column":null}},"95":{"start":{"line":12,"column":0},"end":{"line":12,"column":13}}},"fnMap":{"0":{"name":"(anonymous_0)","decl":{"start":{"line":17,"column":2},"end":{"line":17,"column":14}},"loc":{"start":{"line":17,"column":28},"end":{"line":22,"column":3}}},"1":{"name":"(anonymous_1)","decl":{"start":{"line":24,"column":10},"end":{"line":24,"column":32}},"loc":{"start":{"line":24,"column":32},"end":{"line":124,"column":3}}},"2":{"name":"(anonymous_2)","decl":{"start":{"line":31,"column":17},"end":{"line":31,"column":20}},"loc":{"start":{"line":31,"column":23},"end":{"line":31,"column":63}}},"3":{"name":"(anonymous_3)","decl":{"start":{"line":40,"column":17},"end":{"line":40,"column":20}},"loc":{"start":{"line":40,"column":23},"end":{"line":40,"column":63}}},"4":{"name":"(anonymous_4)","decl":{"start":{"line":49,"column":17},"end":{"line":49,"column":20}},"loc":{"start":{"line":49,"column":23},"end":{"line":49,"column":63}}},"5":{"name":"(anonymous_5)","decl":{"start":{"line":58,"column":17},"end":{"line":58,"column":20}},"loc":{"start":{"line":58,"column":23},"end":{"line":58,"column":28}}},"6":{"name":"(anonymous_6)","decl":{"start":{"line":67,"column":17},"end":{"line":67,"column":20}},"loc":{"start":{"line":67,"column":23},"end":{"line":67,"column":28}}},"7":{"name":"(anonymous_7)","decl":{"start":{"line":76,"column":17},"end":{"line":76,"column":20}},"loc":{"start":{"line":76,"column":23},"end":{"line":76,"column":63}}},"8":{"name":"(anonymous_8)","decl":{"start":{"line":85,"column":17},"end":{"line":85,"column":20}},"loc":{"start":{"line":85,"column":23},"end":{"line":85,"column":57}}},"9":{"name":"(anonymous_9)","decl":{"start":{"line":95,"column":17},"end":{"line":95,"column":20}},"loc":{"start":{"line":95,"column":23},"end":{"line":95,"column":28}}},"10":{"name":"(anonymous_10)","decl":{"start":{"line":104,"column":17},"end":{"line":104,"column":20}},"loc":{"start":{"line":104,"column":23},"end":{"line":104,"column":28}}},"11":{"name":"(anonymous_11)","decl":{"start":{"line":113,"column":17},"end":{"line":113,"column":20}},"loc":{"start":{"line":113,"column":23},"end":{"line":113,"column":28}}},"12":{"name":"(anonymous_12)","decl":{"start":{"line":122,"column":17},"end":{"line":122,"column":20}},"loc":{"start":{"line":122,"column":23},"end":{"line":122,"column":28}}},"13":{"name":"(anonymous_13)","decl":{"start":{"line":126,"column":2},"end":{"line":126,"column":19}},"loc":{"start":{"line":126,"column":19},"end":{"line":138,"column":3}}},"14":{"name":"(anonymous_14)","decl":{"start":{"line":129,"column":30},"end":{"line":129,"column":31}},"loc":{"start":{"line":129,"column":46},"end":{"line":135,"column":5}}},"15":{"name":"(anonymous_15)","decl":{"start":{"line":140,"column":2},"end":{"line":140,"column":16}},"loc":{"start":{"line":140,"column":27},"end":{"line":142,"column":3}}},"16":{"name":"(anonymous_16)","decl":{"start":{"line":144,"column":2},"end":{"line":144,"column":20}},"loc":{"start":{"line":144,"column":20},"end":{"line":146,"column":3}}},"17":{"name":"(anonymous_17)","decl":{"start":{"line":148,"column":2},"end":{"line":148,"column":18}},"loc":{"start":{"line":148,"column":18},"end":{"line":150,"column":3}}},"18":{"name":"(anonymous_18)","decl":{"start":{"line":149,"column":57},"end":{"line":149,"column":58}},"loc":{"start":{"line":149,"column":64},"end":{"line":149,"column":74}}},"19":{"name":"(anonymous_19)","decl":{"start":{"line":152,"column":2},"end":{"line":152,"column":15}},"loc":{"start":{"line":152,"column":15},"end":{"line":154,"column":3}}},"20":{"name":"(anonymous_20)","decl":{"start":{"line":156,"column":2},"end":{"line":156,"column":19}},"loc":{"start":{"line":156,"column":30},"end":{"line":164,"column":3}}},"21":{"name":"(anonymous_21)","decl":{"start":{"line":166,"column":2},"end":{"line":166,"column":7}},"loc":{"start":{"line":166,"column":7},"end":{"line":168,"column":3}}},"22":{"name":"(anonymous_22)","decl":{"start":{"line":167,"column":30},"end":{"line":167,"column":31}},"loc":{"start":{"line":167,"column":38},"end":{"line":167,"column":56}}},"23":{"name":"(anonymous_23)","decl":{"start":{"line":171,"column":2},"end":{"line":171,"column":16}},"loc":{"start":{"line":171,"column":16},"end":{"line":173,"column":3}}},"24":{"name":"(anonymous_24)","decl":{"start":{"line":176,"column":2},"end":{"line":176,"column":8}},"loc":{"start":{"line":176,"column":19},"end":{"line":182,"column":3}}},"25":{"name":"(anonymous_25)","decl":{"start":{"line":184,"column":2},"end":{"line":184,"column":16}},"loc":{"start":{"line":184,"column":27},"end":{"line":187,"column":3}}},"26":{"name":"(anonymous_26)","decl":{"start":{"line":189,"column":2},"end":{"line":189,"column":16}},"loc":{"start":{"line":189,"column":45},"end":{"line":196,"column":3}}},"27":{"name":"(anonymous_27)","decl":{"start":{"line":198,"column":2},"end":{"line":198,"column":13}},"loc":{"start":{"line":198,"column":24},"end":{"line":200,"column":3}}},"28":{"name":"(anonymous_28)","decl":{"start":{"line":202,"column":2},"end":{"line":202,"column":16}},"loc":{"start":{"line":202,"column":27},"end":{"line":206,"column":3}}},"29":{"name":"(anonymous_29)","decl":{"start":{"line":208,"column":2},"end":{"line":208,"column":16}},"loc":{"start":{"line":208,"column":16},"end":{"line":212,"column":3}}},"30":{"name":"(anonymous_30)","decl":{"start":{"line":210,"column":14},"end":{"line":210,"column":15}},"loc":{"start":{"line":210,"column":21},"end":{"line":210,"column":31}}},"31":{"name":"(anonymous_31)","decl":{"start":{"line":211,"column":11},"end":{"line":211,"column":12}},"loc":{"start":{"line":211,"column":18},"end":{"line":211,"column":22}}},"32":{"name":"(anonymous_32)","decl":{"start":{"line":214,"column":10},"end":{"line":214,"column":23}},"loc":{"start":{"line":214,"column":23},"end":{"line":227,"column":3}}},"33":{"name":"(anonymous_33)","decl":{"start":{"line":217,"column":66},"end":{"line":217,"column":67}},"loc":{"start":{"line":217,"column":80},"end":{"line":220,"column":10}}},"34":{"name":"(anonymous_34)","decl":{"start":{"line":229,"column":10},"end":{"line":229,"column":25}},"loc":{"start":{"line":229,"column":25},"end":{"line":272,"column":3}}},"35":{"name":"(anonymous_35)","decl":{"start":{"line":237,"column":32},"end":{"line":237,"column":33}},"loc":{"start":{"line":237,"column":47},"end":{"line":242,"column":11}}},"36":{"name":"(anonymous_36)","decl":{"start":{"line":247,"column":36},"end":{"line":247,"column":37}},"loc":{"start":{"line":247,"column":80},"end":{"line":252,"column":11}}},"37":{"name":"(anonymous_37)","decl":{"start":{"line":257,"column":48},"end":{"line":257,"column":49}},"loc":{"start":{"line":257,"column":64},"end":{"line":259,"column":11}}},"38":{"name":"(anonymous_38)","decl":{"start":{"line":264,"column":32},"end":{"line":264,"column":33}},"loc":{"start":{"line":264,"column":66},"end":{"line":266,"column":11}}}},"branchMap":{"0":{"loc":{"start":{"line":130,"column":6},"end":{"line":134,"column":7}},"type":"if","locations":[{"start":{"line":130,"column":6},"end":{"line":134,"column":7}}]},"1":{"loc":{"start":{"line":130,"column":10},"end":{"line":130,"column":58}},"type":"binary-expr","locations":[{"start":{"line":130,"column":10},"end":{"line":130,"column":31}},{"start":{"line":130,"column":35},"end":{"line":130,"column":58}}]},"2":{"loc":{"start":{"line":158,"column":4},"end":{"line":162,"column":5}},"type":"if","locations":[{"start":{"line":158,"column":4},"end":{"line":162,"column":5}}]},"3":{"loc":{"start":{"line":158,"column":8},"end":{"line":158,"column":44}},"type":"binary-expr","locations":[{"start":{"line":158,"column":8},"end":{"line":158,"column":19}},{"start":{"line":158,"column":23},"end":{"line":158,"column":44}}]},"4":{"loc":{"start":{"line":178,"column":4},"end":{"line":180,"column":5}},"type":"if","locations":[{"start":{"line":178,"column":4},"end":{"line":180,"column":5}}]},"5":{"loc":{"start":{"line":186,"column":11},"end":{"line":186,"column":41}},"type":"binary-expr","locations":[{"start":{"line":186,"column":11},"end":{"line":186,"column":32}},{"start":{"line":186,"column":36},"end":{"line":186,"column":41}}]},"6":{"loc":{"start":{"line":190,"column":20},"end":{"line":190,"column":49}},"type":"binary-expr","locations":[{"start":{"line":190,"column":20},"end":{"line":190,"column":44}},{"start":{"line":190,"column":48},"end":{"line":190,"column":49}}]},"7":{"loc":{"start":{"line":199,"column":11},"end":{"line":199,"column":40}},"type":"binary-expr","locations":[{"start":{"line":199,"column":11},"end":{"line":199,"column":35}},{"start":{"line":199,"column":39},"end":{"line":199,"column":40}}]},"8":{"loc":{"start":{"line":204,"column":4},"end":{"line":204,"column":null}},"type":"if","locations":[{"start":{"line":204,"column":4},"end":{"line":204,"column":null}}]},"9":{"loc":{"start":{"line":232,"column":6},"end":{"line":268,"column":7}},"type":"if","locations":[{"start":{"line":232,"column":6},"end":{"line":268,"column":7}}]},"10":{"loc":{"start":{"line":236,"column":8},"end":{"line":243,"column":9}},"type":"if","locations":[{"start":{"line":236,"column":8},"end":{"line":243,"column":9}}]},"11":{"loc":{"start":{"line":236,"column":12},"end":{"line":236,"column":57}},"type":"binary-expr","locations":[{"start":{"line":236,"column":12},"end":{"line":236,"column":25}},{"start":{"line":236,"column":29},"end":{"line":236,"column":57}}]},"12":{"loc":{"start":{"line":239,"column":12},"end":{"line":241,"column":13}},"type":"if","locations":[{"start":{"line":239,"column":12},"end":{"line":241,"column":13}}]},"13":{"loc":{"start":{"line":246,"column":8},"end":{"line":253,"column":9}},"type":"if","locations":[{"start":{"line":246,"column":8},"end":{"line":253,"column":9}}]},"14":{"loc":{"start":{"line":246,"column":12},"end":{"line":246,"column":65}},"type":"binary-expr","locations":[{"start":{"line":246,"column":12},"end":{"line":246,"column":29}},{"start":{"line":246,"column":33},"end":{"line":246,"column":65}}]},"15":{"loc":{"start":{"line":249,"column":12},"end":{"line":251,"column":13}},"type":"if","locations":[{"start":{"line":249,"column":12},"end":{"line":251,"column":13}}]},"16":{"loc":{"start":{"line":256,"column":8},"end":{"line":260,"column":9}},"type":"if","locations":[{"start":{"line":256,"column":8},"end":{"line":260,"column":9}}]},"17":{"loc":{"start":{"line":256,"column":12},"end":{"line":256,"column":95}},"type":"binary-expr","locations":[{"start":{"line":256,"column":12},"end":{"line":256,"column":25}},{"start":{"line":256,"column":29},"end":{"line":256,"column":62}},{"start":{"line":256,"column":66},"end":{"line":256,"column":95}}]},"18":{"loc":{"start":{"line":263,"column":8},"end":{"line":267,"column":9}},"type":"if","locations":[{"start":{"line":263,"column":8},"end":{"line":267,"column":9}}]},"19":{"loc":{"start":{"line":263,"column":12},"end":{"line":263,"column":57}},"type":"binary-expr","locations":[{"start":{"line":263,"column":12},"end":{"line":263,"column":25}},{"start":{"line":263,"column":29},"end":{"line":263,"column":57}}]}},"s":{"0":1,"1":10,"2":10,"3":10,"4":10,"5":10,"6":10,"7":10,"8":10,"9":7,"10":10,"11":7,"12":10,"13":7,"14":10,"15":7,"16":10,"17":7,"18":10,"19":7,"20":10,"21":7,"22":10,"23":7,"24":10,"25":7,"26":10,"27":7,"28":10,"29":7,"30":7,"31":7,"32":77,"33":1,"34":1,"35":1,"36":7,"37":0,"38":0,"39":0,"40":0,"41":0,"42":7,"43":7,"44":4,"45":4,"46":4,"47":3,"48":0,"49":0,"50":0,"51":7,"52":7,"53":4,"54":7,"55":4,"56":4,"57":7,"58":7,"59":7,"60":7,"61":10,"62":1,"63":1,"64":1,"65":0,"66":1,"67":11,"68":2,"69":4,"70":4,"71":44,"72":4,"73":0,"74":10,"75":10,"76":10,"77":4,"78":4,"79":2,"80":2,"81":2,"82":2,"83":4,"84":2,"85":22,"86":22,"87":22,"88":4,"89":2,"90":2,"91":4,"92":2,"93":0,"94":0,"95":1},"f":{"0":10,"1":10,"2":7,"3":7,"4":7,"5":7,"6":7,"7":7,"8":7,"9":7,"10":7,"11":7,"12":7,"13":7,"14":77,"15":0,"16":0,"17":0,"18":0,"19":0,"20":7,"21":0,"22":0,"23":0,"24":7,"25":4,"26":7,"27":10,"28":1,"29":1,"30":11,"31":2,"32":4,"33":44,"34":10,"35":2,"36":22,"37":2,"38":0},"b":{"0":[1],"1":[77,77],"2":[4],"3":[7,6],"4":[4],"5":[4,1],"6":[7,2],"7":[10,0],"8":[1],"9":[4],"10":[2],"11":[4,2],"12":[2],"13":[2],"14":[4,2],"15":[22],"16":[2],"17":[4,4,4],"18":[2],"19":[4,4]}}
,"/root/.openclaw/workspace/games/cross-platform-messenger/src/systems/AudioManager.ts": {"path":"/root/.openclaw/workspace/games/cross-platform-messenger/src/systems/AudioManager.ts","statementMap":{"0":{"start":{"line":1,"column":0},"end":{"line":1,"column":27}},"1":{"start":{"line":9,"column":4},"end":{"line":9,"column":null}},"2":{"start":{"line":4,"column":10},"end":{"line":4,"column":null}},"3":{"start":{"line":5,"column":10},"end":{"line":5,"column":null}},"4":{"start":{"line":6,"column":10},"end":{"line":6,"column":null}},"5":{"start":{"line":10,"column":4},"end":{"line":10,"column":null}},"6":{"start":{"line":19,"column":4},"end":{"line":19,"column":28}},"7":{"start":{"line":19,"column":22},"end":{"line":19,"column":28}},"8":{"start":{"line":21,"column":18},"end":{"line":21,"column":44}},"9":{"start":{"line":22,"column":4},"end":{"line":24,"column":5}},"10":{"start":{"line":23,"column":6},"end":{"line":23,"column":null}},"11":{"start":{"line":28,"column":4},"end":{"line":28,"column":null}},"12":{"start":{"line":33,"column":4},"end":{"line":33,"column":36}},"13":{"start":{"line":34,"column":4},"end":{"line":34,"column":59}},"14":{"start":{"line":34,"column":21},"end":{"line":34,"column":52}},"15":{"start":{"line":35,"column":4},"end":{"line":35,"column":59}},"16":{"start":{"line":35,"column":21},"end":{"line":35,"column":52}},"17":{"start":{"line":40,"column":4},"end":{"line":40,"column":null}},"18":{"start":{"line":45,"column":4},"end":{"line":45,"column":null}},"19":{"start":{"line":46,"column":4},"end":{"line":46,"column":null}},"20":{"start":{"line":46,"column":21},"end":{"line":46,"column":52}},"21":{"start":{"line":47,"column":4},"end":{"line":47,"column":null}},"22":{"start":{"line":47,"column":21},"end":{"line":47,"column":52}},"23":{"start":{"line":48,"column":4},"end":{"line":48,"column":null}},"24":{"start":{"line":48,"column":21},"end":{"line":48,"column":53}},"25":{"start":{"line":52,"column":4},"end":{"line":52,"column":null}},"26":{"start":{"line":56,"column":4},"end":{"line":56,"column":null}},"27":{"start":{"line":60,"column":4},"end":{"line":60,"column":28}},"28":{"start":{"line":60,"column":22},"end":{"line":60,"column":28}},"29":{"start":{"line":62,"column":4},"end":{"line":80,"column":5}},"30":{"start":{"line":63,"column":27},"end":{"line":63,"column":92}},"31":{"start":{"line":64,"column":25},"end":{"line":64,"column":56}},"32":{"start":{"line":65,"column":23},"end":{"line":65,"column":48}},"33":{"start":{"line":67,"column":6},"end":{"line":67,"column":null}},"34":{"start":{"line":68,"column":6},"end":{"line":68,"column":null}},"35":{"start":{"line":70,"column":6},"end":{"line":70,"column":null}},"36":{"start":{"line":71,"column":6},"end":{"line":71,"column":null}},"37":{"start":{"line":73,"column":6},"end":{"line":73,"column":null}},"38":{"start":{"line":74,"column":6},"end":{"line":74,"column":null}},"39":{"start":{"line":76,"column":6},"end":{"line":76,"column":null}},"40":{"start":{"line":77,"column":6},"end":{"line":77,"column":null}},"41":{"start":{"line":79,"column":6},"end":{"line":79,"column":null}},"42":{"start":{"line":84,"column":4},"end":{"line":84,"column":null}},"43":{"start":{"line":85,"column":4},"end":{"line":85,"column":null}},"44":{"start":{"line":89,"column":4},"end":{"line":89,"column":null}},"45":{"start":{"line":94,"column":4},"end":{"line":94,"column":28}},"46":{"start":{"line":94,"column":22},"end":{"line":94,"column":28}},"47":{"start":{"line":96,"column":47},"end":{"line":104,"column":null}},"48":{"start":{"line":97,"column":21},"end":{"line":97,"column":39}},"49":{"start":{"line":98,"column":18},"end":{"line":98,"column":33}},"50":{"start":{"line":99,"column":18},"end":{"line":99,"column":33}},"51":{"start":{"line":100,"column":21},"end":{"line":100,"column":39}},"52":{"start":{"line":101,"column":19},"end":{"line":101,"column":35}},"53":{"start":{"line":102,"column":19},"end":{"line":102,"column":35}},"54":{"start":{"line":103,"column":28},"end":{"line":103,"column":46}},"55":{"start":{"line":106,"column":19},"end":{"line":106,"column":31}},"56":{"start":{"line":107,"column":4},"end":{"line":109,"column":5}},"57":{"start":{"line":108,"column":6},"end":{"line":108,"column":null}},"58":{"start":{"line":113,"column":4},"end":{"line":113,"column":null}},"59":{"start":{"line":117,"column":4},"end":{"line":117,"column":null}},"60":{"start":{"line":118,"column":4},"end":{"line":118,"column":null}},"61":{"start":{"line":126,"column":4},"end":{"line":126,"column":28}},"62":{"start":{"line":126,"column":22},"end":{"line":126,"column":28}},"63":{"start":{"line":128,"column":55},"end":{"line":133,"column":null}},"64":{"start":{"line":129,"column":22},"end":{"line":129,"column":53}},"65":{"start":{"line":130,"column":22},"end":{"line":130,"column":57}},"66":{"start":{"line":131,"column":21},"end":{"line":131,"column":58}},"67":{"start":{"line":132,"column":19},"end":{"line":132,"column":55}},"68":{"start":{"line":135,"column":4},"end":{"line":139,"column":5}},"69":{"start":{"line":136,"column":6},"end":{"line":136,"column":null}},"70":{"start":{"line":138,"column":6},"end":{"line":138,"column":null}},"71":{"start":{"line":3,"column":0},"end":{"line":3,"column":13}}},"fnMap":{"0":{"name":"(anonymous_0)","decl":{"start":{"line":8,"column":2},"end":{"line":8,"column":null}},"loc":{"start":{"line":8,"column":2},"end":{"line":11,"column":3}}},"1":{"name":"(anonymous_1)","decl":{"start":{"line":13,"column":10},"end":{"line":13,"column":22}},"loc":{"start":{"line":13,"column":22},"end":{"line":16,"column":3}}},"2":{"name":"(anonymous_2)","decl":{"start":{"line":18,"column":2},"end":{"line":18,"column":6}},"loc":{"start":{"line":18,"column":24},"end":{"line":25,"column":3}}},"3":{"name":"(anonymous_3)","decl":{"start":{"line":27,"column":2},"end":{"line":27,"column":13}},"loc":{"start":{"line":27,"column":13},"end":{"line":29,"column":3}}},"4":{"name":"(anonymous_4)","decl":{"start":{"line":31,"column":2},"end":{"line":31,"column":10}},"loc":{"start":{"line":31,"column":10},"end":{"line":36,"column":3}}},"5":{"name":"(anonymous_5)","decl":{"start":{"line":34,"column":15},"end":{"line":34,"column":18}},"loc":{"start":{"line":34,"column":21},"end":{"line":34,"column":52}}},"6":{"name":"(anonymous_6)","decl":{"start":{"line":35,"column":15},"end":{"line":35,"column":18}},"loc":{"start":{"line":35,"column":21},"end":{"line":35,"column":52}}},"7":{"name":"(anonymous_7)","decl":{"start":{"line":38,"column":2},"end":{"line":38,"column":10}},"loc":{"start":{"line":38,"column":10},"end":{"line":41,"column":3}}},"8":{"name":"(anonymous_8)","decl":{"start":{"line":43,"column":2},"end":{"line":43,"column":13}},"loc":{"start":{"line":43,"column":13},"end":{"line":49,"column":3}}},"9":{"name":"(anonymous_9)","decl":{"start":{"line":46,"column":15},"end":{"line":46,"column":18}},"loc":{"start":{"line":46,"column":21},"end":{"line":46,"column":52}}},"10":{"name":"(anonymous_10)","decl":{"start":{"line":47,"column":15},"end":{"line":47,"column":18}},"loc":{"start":{"line":47,"column":21},"end":{"line":47,"column":52}}},"11":{"name":"(anonymous_11)","decl":{"start":{"line":48,"column":15},"end":{"line":48,"column":18}},"loc":{"start":{"line":48,"column":21},"end":{"line":48,"column":53}}},"12":{"name":"(anonymous_12)","decl":{"start":{"line":51,"column":2},"end":{"line":51,"column":11}},"loc":{"start":{"line":51,"column":11},"end":{"line":53,"column":3}}},"13":{"name":"(anonymous_13)","decl":{"start":{"line":55,"column":2},"end":{"line":55,"column":11}},"loc":{"start":{"line":55,"column":11},"end":{"line":57,"column":3}}},"14":{"name":"(anonymous_14)","decl":{"start":{"line":59,"column":10},"end":{"line":59,"column":18}},"loc":{"start":{"line":59,"column":76},"end":{"line":81,"column":3}}},"15":{"name":"(anonymous_15)","decl":{"start":{"line":83,"column":2},"end":{"line":83,"column":12}},"loc":{"start":{"line":83,"column":12},"end":{"line":86,"column":3}}},"16":{"name":"(anonymous_16)","decl":{"start":{"line":88,"column":2},"end":{"line":88,"column":14}},"loc":{"start":{"line":88,"column":14},"end":{"line":90,"column":3}}},"17":{"name":"(anonymous_17)","decl":{"start":{"line":93,"column":2},"end":{"line":93,"column":9}},"loc":{"start":{"line":93,"column":22},"end":{"line":110,"column":3}}},"18":{"name":"(anonymous_18)","decl":{"start":{"line":97,"column":15},"end":{"line":97,"column":18}},"loc":{"start":{"line":97,"column":21},"end":{"line":97,"column":39}}},"19":{"name":"(anonymous_19)","decl":{"start":{"line":98,"column":12},"end":{"line":98,"column":15}},"loc":{"start":{"line":98,"column":18},"end":{"line":98,"column":33}}},"20":{"name":"(anonymous_20)","decl":{"start":{"line":99,"column":12},"end":{"line":99,"column":15}},"loc":{"start":{"line":99,"column":18},"end":{"line":99,"column":33}}},"21":{"name":"(anonymous_21)","decl":{"start":{"line":100,"column":15},"end":{"line":100,"column":18}},"loc":{"start":{"line":100,"column":21},"end":{"line":100,"column":39}}},"22":{"name":"(anonymous_22)","decl":{"start":{"line":101,"column":13},"end":{"line":101,"column":16}},"loc":{"start":{"line":101,"column":19},"end":{"line":101,"column":35}}},"23":{"name":"(anonymous_23)","decl":{"start":{"line":102,"column":13},"end":{"line":102,"column":16}},"loc":{"start":{"line":102,"column":19},"end":{"line":102,"column":35}}},"24":{"name":"(anonymous_24)","decl":{"start":{"line":103,"column":22},"end":{"line":103,"column":25}},"loc":{"start":{"line":103,"column":28},"end":{"line":103,"column":46}}},"25":{"name":"(anonymous_25)","decl":{"start":{"line":112,"column":2},"end":{"line":112,"column":9}},"loc":{"start":{"line":112,"column":24},"end":{"line":114,"column":3}}},"26":{"name":"(anonymous_26)","decl":{"start":{"line":116,"column":2},"end":{"line":116,"column":11}},"loc":{"start":{"line":116,"column":23},"end":{"line":119,"column":3}}},"27":{"name":"(anonymous_27)","decl":{"start":{"line":125,"column":2},"end":{"line":125,"column":19}},"loc":{"start":{"line":125,"column":36},"end":{"line":140,"column":3}}},"28":{"name":"(anonymous_28)","decl":{"start":{"line":129,"column":16},"end":{"line":129,"column":19}},"loc":{"start":{"line":129,"column":22},"end":{"line":129,"column":53}}},"29":{"name":"(anonymous_29)","decl":{"start":{"line":130,"column":16},"end":{"line":130,"column":19}},"loc":{"start":{"line":130,"column":22},"end":{"line":130,"column":57}}},"30":{"name":"(anonymous_30)","decl":{"start":{"line":131,"column":15},"end":{"line":131,"column":18}},"loc":{"start":{"line":131,"column":21},"end":{"line":131,"column":58}}},"31":{"name":"(anonymous_31)","decl":{"start":{"line":132,"column":13},"end":{"line":132,"column":16}},"loc":{"start":{"line":132,"column":19},"end":{"line":132,"column":55}}}},"branchMap":{"0":{"loc":{"start":{"line":19,"column":4},"end":{"line":19,"column":28}},"type":"if","locations":[{"start":{"line":19,"column":4},"end":{"line":19,"column":28}}]},"1":{"loc":{"start":{"line":22,"column":4},"end":{"line":24,"column":5}},"type":"if","locations":[{"start":{"line":22,"column":4},"end":{"line":24,"column":5}}]},"2":{"loc":{"start":{"line":60,"column":4},"end":{"line":60,"column":28}},"type":"if","locations":[{"start":{"line":60,"column":4},"end":{"line":60,"column":28}}]},"3":{"loc":{"start":{"line":63,"column":32},"end":{"line":63,"column":89}},"type":"binary-expr","locations":[{"start":{"line":63,"column":32},"end":{"line":63,"column":51}},{"start":{"line":63,"column":56},"end":{"line":63,"column":89}}]},"4":{"loc":{"start":{"line":94,"column":4},"end":{"line":94,"column":28}},"type":"if","locations":[{"start":{"line":94,"column":4},"end":{"line":94,"column":28}}]},"5":{"loc":{"start":{"line":107,"column":4},"end":{"line":109,"column":5}},"type":"if","locations":[{"start":{"line":107,"column":4},"end":{"line":109,"column":5}}]},"6":{"loc":{"start":{"line":126,"column":4},"end":{"line":126,"column":28}},"type":"if","locations":[{"start":{"line":126,"column":4},"end":{"line":126,"column":28}}]},"7":{"loc":{"start":{"line":135,"column":4},"end":{"line":139,"column":5}},"type":"if","locations":[{"start":{"line":135,"column":4},"end":{"line":139,"column":5}},{"start":{"line":137,"column":11},"end":{"line":139,"column":5}}]}},"s":{"0":9,"1":77,"2":77,"3":77,"4":77,"5":77,"6":0,"7":0,"8":0,"9":0,"10":0,"11":11,"12":3,"13":3,"14":0,"15":3,"16":0,"17":0,"18":3,"19":3,"20":0,"21":3,"22":0,"23":3,"24":0,"25":0,"26":0,"27":32,"28":0,"29":32,"30":32,"31":19,"32":19,"33":19,"34":19,"35":19,"36":19,"37":19,"38":7,"39":7,"40":7,"41":25,"42":3,"43":3,"44":0,"45":15,"46":1,"47":14,"48":11,"49":1,"50":0,"51":0,"52":0,"53":0,"54":1,"55":14,"56":14,"57":13,"58":5,"59":6,"60":6,"61":17,"62":0,"63":17,"64":6,"65":3,"66":3,"67":3,"68":17,"69":15,"70":2,"71":9},"f":{"0":77,"1":77,"2":0,"3":11,"4":3,"5":0,"6":0,"7":0,"8":3,"9":0,"10":0,"11":0,"12":0,"13":0,"14":32,"15":3,"16":0,"17":15,"18":11,"19":1,"20":0,"21":0,"22":0,"23":0,"24":1,"25":5,"26":6,"27":17,"28":6,"29":3,"30":3,"31":3},"b":{"0":[0],"1":[0],"2":[0],"3":[32,13],"4":[1],"5":[13],"6":[0],"7":[15,2]}}
,"/root/.openclaw/workspace/games/cross-platform-messenger/src/systems/GameState.ts": {"path":"/root/.openclaw/workspace/games/cross-platform-messenger/src/systems/GameState.ts","statementMap":{"0":{"start":{"line":2,"column":10},"end":{"line":2,"column":null}},"1":{"start":{"line":3,"column":10},"end":{"line":3,"column":null}},"2":{"start":{"line":4,"column":10},"end":{"line":4,"column":null}},"3":{"start":{"line":7,"column":19},"end":{"line":14,"column":null}},"4":{"start":{"line":17,"column":4},"end":{"line":17,"column":null}},"5":{"start":{"line":21,"column":4},"end":{"line":23,"column":5}},"6":{"start":{"line":22,"column":6},"end":{"line":22,"column":null}},"7":{"start":{"line":25,"column":4},"end":{"line":25,"column":null}},"8":{"start":{"line":26,"column":4},"end":{"line":26,"column":null}},"9":{"start":{"line":27,"column":4},"end":{"line":27,"column":null}},"10":{"start":{"line":31,"column":4},"end":{"line":31,"column":null}},"11":{"start":{"line":35,"column":4},"end":{"line":35,"column":null}},"12":{"start":{"line":39,"column":4},"end":{"line":39,"column":null}},"13":{"start":{"line":43,"column":4},"end":{"line":43,"column":null}},"14":{"start":{"line":47,"column":4},"end":{"line":47,"column":null}},"15":{"start":{"line":48,"column":4},"end":{"line":48,"column":null}},"16":{"start":{"line":52,"column":4},"end":{"line":52,"column":null}},"17":{"start":{"line":56,"column":4},"end":{"line":56,"column":null}},"18":{"start":{"line":57,"column":4},"end":{"line":57,"column":null}},"19":{"start":{"line":61,"column":4},"end":{"line":61,"column":null}},"20":{"start":{"line":65,"column":4},"end":{"line":65,"column":null}},"21":{"start":{"line":66,"column":4},"end":{"line":66,"column":null}},"22":{"start":{"line":67,"column":4},"end":{"line":67,"column":null}},"23":{"start":{"line":68,"column":4},"end":{"line":68,"column":null}},"24":{"start":{"line":72,"column":4},"end":{"line":81,"column":5}},"25":{"start":{"line":73,"column":19},"end":{"line":77,"column":null}},"26":{"start":{"line":78,"column":6},"end":{"line":78,"column":null}},"27":{"start":{"line":80,"column":6},"end":{"line":80,"column":null}},"28":{"start":{"line":85,"column":4},"end":{"line":95,"column":5}},"29":{"start":{"line":86,"column":20},"end":{"line":86,"column":66}},"30":{"start":{"line":87,"column":6},"end":{"line":92,"column":7}},"31":{"start":{"line":88,"column":21},"end":{"line":88,"column":38}},"32":{"start":{"line":89,"column":8},"end":{"line":89,"column":null}},"33":{"start":{"line":90,"column":8},"end":{"line":90,"column":null}},"34":{"start":{"line":91,"column":8},"end":{"line":91,"column":null}},"35":{"start":{"line":94,"column":6},"end":{"line":94,"column":null}},"36":{"start":{"line":100,"column":57},"end":{"line":104,"column":null}},"37":{"start":{"line":106,"column":21},"end":{"line":106,"column":55}},"38":{"start":{"line":107,"column":4},"end":{"line":107,"column":null}},"39":{"start":{"line":107,"column":36},"end":{"line":107,"column":66}},"40":{"start":{"line":1,"column":0},"end":{"line":1,"column":13}}},"fnMap":{"0":{"name":"(anonymous_0)","decl":{"start":{"line":16,"column":2},"end":{"line":16,"column":null}},"loc":{"start":{"line":16,"column":2},"end":{"line":18,"column":3}}},"1":{"name":"(anonymous_1)","decl":{"start":{"line":20,"column":2},"end":{"line":20,"column":14}},"loc":{"start":{"line":20,"column":29},"end":{"line":28,"column":3}}},"2":{"name":"(anonymous_2)","decl":{"start":{"line":30,"column":2},"end":{"line":30,"column":9}},"loc":{"start":{"line":30,"column":24},"end":{"line":32,"column":3}}},"3":{"name":"(anonymous_3)","decl":{"start":{"line":34,"column":2},"end":{"line":34,"column":23}},"loc":{"start":{"line":34,"column":23},"end":{"line":36,"column":3}}},"4":{"name":"(anonymous_4)","decl":{"start":{"line":38,"column":2},"end":{"line":38,"column":20}},"loc":{"start":{"line":38,"column":20},"end":{"line":40,"column":3}}},"5":{"name":"(anonymous_5)","decl":{"start":{"line":42,"column":2},"end":{"line":42,"column":15}},"loc":{"start":{"line":42,"column":15},"end":{"line":44,"column":3}}},"6":{"name":"(anonymous_6)","decl":{"start":{"line":46,"column":2},"end":{"line":46,"column":12}},"loc":{"start":{"line":46,"column":28},"end":{"line":49,"column":3}}},"7":{"name":"(anonymous_7)","decl":{"start":{"line":51,"column":2},"end":{"line":51,"column":12}},"loc":{"start":{"line":51,"column":12},"end":{"line":53,"column":3}}},"8":{"name":"(anonymous_8)","decl":{"start":{"line":55,"column":2},"end":{"line":55,"column":13}},"loc":{"start":{"line":55,"column":30},"end":{"line":58,"column":3}}},"9":{"name":"(anonymous_9)","decl":{"start":{"line":60,"column":2},"end":{"line":60,"column":13}},"loc":{"start":{"line":60,"column":13},"end":{"line":62,"column":3}}},"10":{"name":"(anonymous_10)","decl":{"start":{"line":64,"column":2},"end":{"line":64,"column":7}},"loc":{"start":{"line":64,"column":7},"end":{"line":69,"column":3}}},"11":{"name":"(anonymous_11)","decl":{"start":{"line":71,"column":10},"end":{"line":71,"column":23}},"loc":{"start":{"line":71,"column":23},"end":{"line":82,"column":3}}},"12":{"name":"(anonymous_12)","decl":{"start":{"line":84,"column":10},"end":{"line":84,"column":25}},"loc":{"start":{"line":84,"column":25},"end":{"line":96,"column":3}}},"13":{"name":"(anonymous_13)","decl":{"start":{"line":99,"column":2},"end":{"line":99,"column":16}},"loc":{"start":{"line":99,"column":33},"end":{"line":108,"column":3}}},"14":{"name":"(anonymous_14)","decl":{"start":{"line":107,"column":26},"end":{"line":107,"column":27}},"loc":{"start":{"line":107,"column":36},"end":{"line":107,"column":66}}}},"branchMap":{"0":{"loc":{"start":{"line":21,"column":4},"end":{"line":23,"column":5}},"type":"if","locations":[{"start":{"line":21,"column":4},"end":{"line":23,"column":5}}]},"1":{"loc":{"start":{"line":87,"column":6},"end":{"line":92,"column":7}},"type":"if","locations":[{"start":{"line":87,"column":6},"end":{"line":92,"column":7}}]},"2":{"loc":{"start":{"line":89,"column":39},"end":{"line":89,"column":79}},"type":"binary-expr","locations":[{"start":{"line":89,"column":39},"end":{"line":89,"column":59}},{"start":{"line":89,"column":63},"end":{"line":89,"column":73}},{"start":{"line":89,"column":77},"end":{"line":89,"column":79}}]},"3":{"loc":{"start":{"line":90,"column":30},"end":{"line":90,"column":79}},"type":"binary-expr","locations":[{"start":{"line":90,"column":30},"end":{"line":90,"column":49}},{"start":{"line":90,"column":53},"end":{"line":90,"column":65}},{"start":{"line":90,"column":69},"end":{"line":90,"column":79}}]},"4":{"loc":{"start":{"line":91,"column":28},"end":{"line":91,"column":67}},"type":"binary-expr","locations":[{"start":{"line":91,"column":28},"end":{"line":91,"column":45}},{"start":{"line":91,"column":49},"end":{"line":91,"column":62}},{"start":{"line":91,"column":66},"end":{"line":91,"column":67}}]},"5":{"loc":{"start":{"line":106,"column":21},"end":{"line":106,"column":55}},"type":"binary-expr","locations":[{"start":{"line":106,"column":21},"end":{"line":106,"column":49}},{"start":{"line":106,"column":53},"end":{"line":106,"column":55}}]}},"s":{"0":34,"1":34,"2":34,"3":34,"4":34,"5":20,"6":1,"7":19,"8":19,"9":19,"10":19,"11":0,"12":31,"13":2,"14":1,"15":1,"16":0,"17":0,"18":0,"19":0,"20":0,"21":0,"22":0,"23":0,"24":20,"25":20,"26":20,"27":0,"28":34,"29":34,"30":34,"31":4,"32":4,"33":4,"34":4,"35":0,"36":0,"37":0,"38":0,"39":0,"40":2},"f":{"0":34,"1":20,"2":19,"3":0,"4":31,"5":2,"6":1,"7":0,"8":0,"9":0,"10":0,"11":20,"12":34,"13":0,"14":0},"b":{"0":[1],"1":[4],"2":[4,0,0],"3":[4,0,0],"4":[4,4,4],"5":[0,0]}}
,"/root/.openclaw/workspace/games/cross-platform-messenger/src/systems/PuzzleSystem.ts": {"path":"/root/.openclaw/workspace/games/cross-platform-messenger/src/systems/PuzzleSystem.ts","statementMap":{"0":{"start":{"line":1,"column":0},"end":{"line":1,"column":27}},"1":{"start":{"line":18,"column":4},"end":{"line":18,"column":null}},"2":{"start":{"line":13,"column":10},"end":{"line":13,"column":null}},"3":{"start":{"line":14,"column":10},"end":{"line":14,"column":null}},"4":{"start":{"line":15,"column":10},"end":{"line":15,"column":null}},"5":{"start":{"line":19,"column":4},"end":{"line":19,"column":null}},"6":{"start":{"line":20,"column":4},"end":{"line":20,"column":null}},"7":{"start":{"line":25,"column":4},"end":{"line":35,"column":null}},"8":{"start":{"line":32,"column":8},"end":{"line":32,"column":null}},"9":{"start":{"line":38,"column":4},"end":{"line":48,"column":null}},"10":{"start":{"line":44,"column":27},"end":{"line":44,"column":53}},"11":{"start":{"line":45,"column":8},"end":{"line":45,"column":null}},"12":{"start":{"line":51,"column":4},"end":{"line":60,"column":null}},"13":{"start":{"line":57,"column":8},"end":{"line":57,"column":null}},"14":{"start":{"line":63,"column":4},"end":{"line":72,"column":null}},"15":{"start":{"line":69,"column":8},"end":{"line":69,"column":null}},"16":{"start":{"line":76,"column":4},"end":{"line":76,"column":null}},"17":{"start":{"line":80,"column":19},"end":{"line":80,"column":45}},"18":{"start":{"line":81,"column":4},"end":{"line":81,"column":null}},"19":{"start":{"line":81,"column":17},"end":{"line":81,"column":null}},"20":{"start":{"line":83,"column":4},"end":{"line":83,"column":null}},"21":{"start":{"line":83,"column":48},"end":{"line":83,"column":73}},"22":{"start":{"line":87,"column":19},"end":{"line":87,"column":45}},"23":{"start":{"line":88,"column":4},"end":{"line":88,"column":null}},"24":{"start":{"line":88,"column":17},"end":{"line":88,"column":null}},"25":{"start":{"line":90,"column":22},"end":{"line":90,"column":49}},"26":{"start":{"line":92,"column":4},"end":{"line":95,"column":5}},"27":{"start":{"line":93,"column":6},"end":{"line":93,"column":null}},"28":{"start":{"line":94,"column":6},"end":{"line":94,"column":null}},"29":{"start":{"line":97,"column":4},"end":{"line":97,"column":null}},"30":{"start":{"line":101,"column":4},"end":{"line":101,"column":null}},"31":{"start":{"line":105,"column":4},"end":{"line":107,"column":null}},"32":{"start":{"line":106,"column":6},"end":{"line":106,"column":null}},"33":{"start":{"line":111,"column":19},"end":{"line":111,"column":45}},"34":{"start":{"line":112,"column":4},"end":{"line":112,"column":null}},"35":{"start":{"line":116,"column":4},"end":{"line":119,"column":null}},"36":{"start":{"line":123,"column":4},"end":{"line":123,"column":null}},"37":{"start":{"line":129,"column":6},"end":{"line":129,"column":168}},"38":{"start":{"line":130,"column":4},"end":{"line":130,"column":null}},"39":{"start":{"line":134,"column":19},"end":{"line":134,"column":45}},"40":{"start":{"line":135,"column":4},"end":{"line":135,"column":null}},"41":{"start":{"line":135,"column":17},"end":{"line":135,"column":null}},"42":{"start":{"line":136,"column":4},"end":{"line":136,"column":null}},"43":{"start":{"line":136,"column":25},"end":{"line":136,"column":null}},"44":{"start":{"line":137,"column":4},"end":{"line":137,"column":null}},"45":{"start":{"line":137,"column":43},"end":{"line":137,"column":null}},"46":{"start":{"line":140,"column":4},"end":{"line":140,"column":null}},"47":{"start":{"line":140,"column":47},"end":{"line":140,"column":75}},"48":{"start":{"line":144,"column":19},"end":{"line":144,"column":45}},"49":{"start":{"line":145,"column":4},"end":{"line":147,"column":5}},"50":{"start":{"line":146,"column":6},"end":{"line":146,"column":null}},"51":{"start":{"line":150,"column":4},"end":{"line":152,"column":5}},"52":{"start":{"line":151,"column":6},"end":{"line":151,"column":null}},"53":{"start":{"line":154,"column":22},"end":{"line":154,"column":50}},"54":{"start":{"line":156,"column":4},"end":{"line":164,"column":5}},"55":{"start":{"line":157,"column":6},"end":{"line":160,"column":7}},"56":{"start":{"line":158,"column":8},"end":{"line":158,"column":null}},"57":{"start":{"line":159,"column":8},"end":{"line":159,"column":null}},"58":{"start":{"line":161,"column":6},"end":{"line":161,"column":null}},"59":{"start":{"line":163,"column":6},"end":{"line":163,"column":null}},"60":{"start":{"line":12,"column":0},"end":{"line":12,"column":13}}},"fnMap":{"0":{"name":"(anonymous_0)","decl":{"start":{"line":17,"column":2},"end":{"line":17,"column":14}},"loc":{"start":{"line":17,"column":29},"end":{"line":21,"column":3}}},"1":{"name":"(anonymous_1)","decl":{"start":{"line":23,"column":10},"end":{"line":23,"column":27}},"loc":{"start":{"line":23,"column":27},"end":{"line":73,"column":3}}},"2":{"name":"(anonymous_2)","decl":{"start":{"line":30,"column":21},"end":{"line":30,"column":22}},"loc":{"start":{"line":30,"column":39},"end":{"line":33,"column":7}}},"3":{"name":"(anonymous_3)","decl":{"start":{"line":43,"column":21},"end":{"line":43,"column":22}},"loc":{"start":{"line":43,"column":39},"end":{"line":46,"column":7}}},"4":{"name":"(anonymous_4)","decl":{"start":{"line":56,"column":21},"end":{"line":56,"column":22}},"loc":{"start":{"line":56,"column":39},"end":{"line":58,"column":7}}},"5":{"name":"(anonymous_5)","decl":{"start":{"line":68,"column":21},"end":{"line":68,"column":22}},"loc":{"start":{"line":68,"column":39},"end":{"line":70,"column":7}}},"6":{"name":"(anonymous_6)","decl":{"start":{"line":75,"column":2},"end":{"line":75,"column":11}},"loc":{"start":{"line":75,"column":22},"end":{"line":77,"column":3}}},"7":{"name":"(anonymous_7)","decl":{"start":{"line":79,"column":2},"end":{"line":79,"column":12}},"loc":{"start":{"line":79,"column":59},"end":{"line":84,"column":3}}},"8":{"name":"(anonymous_8)","decl":{"start":{"line":83,"column":38},"end":{"line":83,"column":39}},"loc":{"start":{"line":83,"column":48},"end":{"line":83,"column":73}}},"9":{"name":"(anonymous_9)","decl":{"start":{"line":86,"column":2},"end":{"line":86,"column":17}},"loc":{"start":{"line":86,"column":49},"end":{"line":98,"column":3}}},"10":{"name":"(anonymous_10)","decl":{"start":{"line":100,"column":2},"end":{"line":100,"column":10}},"loc":{"start":{"line":100,"column":27},"end":{"line":102,"column":3}}},"11":{"name":"(anonymous_11)","decl":{"start":{"line":104,"column":2},"end":{"line":104,"column":21}},"loc":{"start":{"line":104,"column":50},"end":{"line":108,"column":3}}},"12":{"name":"(anonymous_12)","decl":{"start":{"line":105,"column":52},"end":{"line":105,"column":53}},"loc":{"start":{"line":105,"column":63},"end":{"line":107,"column":5}}},"13":{"name":"(anonymous_13)","decl":{"start":{"line":110,"column":2},"end":{"line":110,"column":9}},"loc":{"start":{"line":110,"column":26},"end":{"line":113,"column":3}}},"14":{"name":"(anonymous_14)","decl":{"start":{"line":115,"column":2},"end":{"line":115,"column":13}},"loc":{"start":{"line":115,"column":13},"end":{"line":120,"column":3}}},"15":{"name":"(anonymous_15)","decl":{"start":{"line":122,"column":2},"end":{"line":122,"column":7}},"loc":{"start":{"line":122,"column":7},"end":{"line":124,"column":3}}},"16":{"name":"(anonymous_16)","decl":{"start":{"line":127,"column":2},"end":{"line":127,"column":19}},"loc":{"start":{"line":127,"column":30},"end":{"line":131,"column":3}}},"17":{"name":"(anonymous_17)","decl":{"start":{"line":133,"column":2},"end":{"line":133,"column":16}},"loc":{"start":{"line":133,"column":33},"end":{"line":141,"column":3}}},"18":{"name":"(anonymous_18)","decl":{"start":{"line":140,"column":37},"end":{"line":140,"column":38}},"loc":{"start":{"line":140,"column":47},"end":{"line":140,"column":75}}},"19":{"name":"(anonymous_19)","decl":{"start":{"line":143,"column":2},"end":{"line":143,"column":7}},"loc":{"start":{"line":143,"column":40},"end":{"line":165,"column":3}}}},"branchMap":{"0":{"loc":{"start":{"line":32,"column":15},"end":{"line":32,"column":65}},"type":"binary-expr","locations":[{"start":{"line":32,"column":15},"end":{"line":32,"column":40}},{"start":{"line":32,"column":44},"end":{"line":32,"column":65}}]},"1":{"loc":{"start":{"line":45,"column":15},"end":{"line":45,"column":73}},"type":"binary-expr","locations":[{"start":{"line":45,"column":15},"end":{"line":45,"column":46}},{"start":{"line":45,"column":50},"end":{"line":45,"column":73}}]},"2":{"loc":{"start":{"line":69,"column":15},"end":{"line":69,"column":65}},"type":"binary-expr","locations":[{"start":{"line":69,"column":15},"end":{"line":69,"column":40}},{"start":{"line":69,"column":44},"end":{"line":69,"column":65}}]},"3":{"loc":{"start":{"line":81,"column":4},"end":{"line":81,"column":null}},"type":"if","locations":[{"start":{"line":81,"column":4},"end":{"line":81,"column":null}}]},"4":{"loc":{"start":{"line":88,"column":4},"end":{"line":88,"column":null}},"type":"if","locations":[{"start":{"line":88,"column":4},"end":{"line":88,"column":null}}]},"5":{"loc":{"start":{"line":92,"column":4},"end":{"line":95,"column":5}},"type":"if","locations":[{"start":{"line":92,"column":4},"end":{"line":95,"column":5}}]},"6":{"loc":{"start":{"line":92,"column":8},"end":{"line":92,"column":54}},"type":"binary-expr","locations":[{"start":{"line":92,"column":8},"end":{"line":92,"column":17}},{"start":{"line":92,"column":21},"end":{"line":92,"column":54}}]},"7":{"loc":{"start":{"line":112,"column":11},"end":{"line":112,"column":35}},"type":"binary-expr","locations":[{"start":{"line":112,"column":11},"end":{"line":112,"column":23}},{"start":{"line":112,"column":27},"end":{"line":112,"column":35}}]},"8":{"loc":{"start":{"line":135,"column":4},"end":{"line":135,"column":null}},"type":"if","locations":[{"start":{"line":135,"column":4},"end":{"line":135,"column":null}}]},"9":{"loc":{"start":{"line":136,"column":4},"end":{"line":136,"column":null}},"type":"if","locations":[{"start":{"line":136,"column":4},"end":{"line":136,"column":null}}]},"10":{"loc":{"start":{"line":137,"column":4},"end":{"line":137,"column":null}},"type":"if","locations":[{"start":{"line":137,"column":4},"end":{"line":137,"column":null}}]},"11":{"loc":{"start":{"line":145,"column":4},"end":{"line":147,"column":5}},"type":"if","locations":[{"start":{"line":145,"column":4},"end":{"line":147,"column":5}}]},"12":{"loc":{"start":{"line":150,"column":4},"end":{"line":152,"column":5}},"type":"if","locations":[{"start":{"line":150,"column":4},"end":{"line":152,"column":5}}]},"13":{"loc":{"start":{"line":150,"column":8},"end":{"line":150,"column":57}},"type":"binary-expr","locations":[{"start":{"line":150,"column":8},"end":{"line":150,"column":23}},{"start":{"line":150,"column":27},"end":{"line":150,"column":57}}]},"14":{"loc":{"start":{"line":156,"column":4},"end":{"line":164,"column":5}},"type":"if","locations":[{"start":{"line":156,"column":4},"end":{"line":164,"column":5}},{"start":{"line":162,"column":11},"end":{"line":164,"column":5}}]},"15":{"loc":{"start":{"line":157,"column":6},"end":{"line":160,"column":7}},"type":"if","locations":[{"start":{"line":157,"column":6},"end":{"line":160,"column":7}}]}},"s":{"0":2,"1":14,"2":14,"3":14,"4":14,"5":14,"6":14,"7":14,"8":3,"9":14,"10":0,"11":0,"12":14,"13":0,"14":14,"15":1,"16":0,"17":0,"18":0,"19":0,"20":0,"21":0,"22":0,"23":0,"24":0,"25":0,"26":0,"27":0,"28":0,"29":0,"30":0,"31":0,"32":0,"33":0,"34":0,"35":0,"36":0,"37":10,"38":10,"39":10,"40":10,"41":0,"42":10,"43":0,"44":10,"45":0,"46":10,"47":14,"48":6,"49":6,"50":0,"51":6,"52":2,"53":4,"54":4,"55":2,"56":2,"57":2,"58":2,"59":2,"60":2},"f":{"0":14,"1":14,"2":3,"3":0,"4":0,"5":1,"6":0,"7":0,"8":0,"9":0,"10":0,"11":0,"12":0,"13":0,"14":0,"15":0,"16":10,"17":10,"18":14,"19":6},"b":{"0":[3,2],"1":[0,0],"2":[1,1],"3":[0],"4":[0],"5":[0],"6":[0,0],"7":[0,0],"8":[0],"9":[0],"10":[0],"11":[0],"12":[2],"13":[6,6],"14":[2,2],"15":[2]}}
}
