TN:
SF:src/systems/AchievementSystem.ts
FN:17,(anonymous_0)
FN:24,(anonymous_1)
FN:31,(anonymous_2)
FN:40,(anonymous_3)
FN:49,(anonymous_4)
FN:58,(anonymous_5)
FN:67,(anonymous_6)
FN:76,(anonymous_7)
FN:85,(anonymous_8)
FN:95,(anonymous_9)
FN:104,(anonymous_10)
FN:113,(anonymous_11)
FN:122,(anonymous_12)
FN:126,(anonymous_13)
FN:129,(anonymous_14)
FN:140,(anonymous_15)
FN:144,(anonymous_16)
FN:148,(anonymous_17)
FN:149,(anonymous_18)
FN:152,(anonymous_19)
FN:156,(anonymous_20)
FN:166,(anonymous_21)
FN:167,(anonymous_22)
FN:171,(anonymous_23)
FN:176,(anonymous_24)
FN:184,(anonymous_25)
FN:189,(anonymous_26)
FN:198,(anonymous_27)
FN:202,(anonymous_28)
FN:208,(anonymous_29)
FN:210,(anonymous_30)
FN:211,(anonymous_31)
FN:214,(anonymous_32)
FN:217,(anonymous_33)
FN:229,(anonymous_34)
FN:237,(anonymous_35)
FN:247,(anonymous_36)
FN:257,(anonymous_37)
FN:264,(anonymous_38)
FNF:39
FNH:30
FNDA:10,(anonymous_0)
FNDA:10,(anonymous_1)
FNDA:7,(anonymous_2)
FNDA:7,(anonymous_3)
FNDA:7,(anonymous_4)
FNDA:7,(anonymous_5)
FNDA:7,(anonymous_6)
FNDA:7,(anonymous_7)
FNDA:7,(anonymous_8)
FNDA:7,(anonymous_9)
FNDA:7,(anonymous_10)
FNDA:7,(anonymous_11)
FNDA:7,(anonymous_12)
FNDA:7,(anonymous_13)
FNDA:77,(anonymous_14)
FNDA:0,(anonymous_15)
FNDA:0,(anonymous_16)
FNDA:0,(anonymous_17)
FNDA:0,(anonymous_18)
FNDA:0,(anonymous_19)
FNDA:7,(anonymous_20)
FNDA:0,(anonymous_21)
FNDA:0,(anonymous_22)
FNDA:0,(anonymous_23)
FNDA:7,(anonymous_24)
FNDA:4,(anonymous_25)
FNDA:7,(anonymous_26)
FNDA:10,(anonymous_27)
FNDA:1,(anonymous_28)
FNDA:1,(anonymous_29)
FNDA:11,(anonymous_30)
FNDA:2,(anonymous_31)
FNDA:4,(anonymous_32)
FNDA:44,(anonymous_33)
FNDA:10,(anonymous_34)
FNDA:2,(anonymous_35)
FNDA:22,(anonymous_36)
FNDA:2,(anonymous_37)
FNDA:0,(anonymous_38)
DA:1,1
DA:12,1
DA:13,10
DA:14,10
DA:15,10
DA:18,10
DA:19,10
DA:20,10
DA:21,10
DA:25,10
DA:31,7
DA:34,10
DA:40,7
DA:43,10
DA:49,7
DA:52,10
DA:58,7
DA:61,10
DA:67,7
DA:70,10
DA:76,7
DA:79,10
DA:85,7
DA:89,10
DA:95,7
DA:98,10
DA:104,7
DA:107,10
DA:113,7
DA:116,10
DA:122,7
DA:127,7
DA:129,7
DA:130,77
DA:131,1
DA:132,1
DA:133,1
DA:137,7
DA:141,0
DA:145,0
DA:149,0
DA:153,0
DA:157,7
DA:158,7
DA:159,4
DA:160,4
DA:161,4
DA:163,3
DA:167,0
DA:172,0
DA:177,7
DA:178,7
DA:179,4
DA:181,7
DA:185,4
DA:186,4
DA:190,7
DA:191,7
DA:192,7
DA:195,7
DA:199,10
DA:203,1
DA:204,1
DA:205,0
DA:209,1
DA:210,11
DA:211,2
DA:215,4
DA:216,4
DA:217,44
DA:223,4
DA:225,0
DA:230,10
DA:231,10
DA:232,10
DA:233,4
DA:236,4
DA:237,2
DA:238,2
DA:239,2
DA:240,2
DA:246,4
DA:247,2
DA:248,22
DA:249,22
DA:250,22
DA:256,4
DA:257,2
DA:258,2
DA:263,4
DA:264,2
DA:265,0
DA:270,0
LF:93
LH:83
BRDA:130,0,0,1
BRDA:130,1,0,77
BRDA:130,1,1,77
BRDA:158,2,0,4
BRDA:158,3,0,7
BRDA:158,3,1,6
BRDA:178,4,0,4
BRDA:186,5,0,4
BRDA:186,5,1,1
BRDA:190,6,0,7
BRDA:190,6,1,2
BRDA:199,7,0,10
BRDA:199,7,1,0
BRDA:204,8,0,1
BRDA:232,9,0,4
BRDA:236,10,0,2
BRDA:236,11,0,4
BRDA:236,11,1,2
BRDA:239,12,0,2
BRDA:246,13,0,2
BRDA:246,14,0,4
BRDA:246,14,1,2
BRDA:249,15,0,22
BRDA:256,16,0,2
BRDA:256,17,0,4
BRDA:256,17,1,4
BRDA:256,17,2,4
BRDA:263,18,0,2
BRDA:263,19,0,4
BRDA:263,19,1,4
BRF:30
BRH:29
end_of_record
TN:
SF:src/systems/AudioManager.ts
FN:8,(anonymous_0)
FN:13,(anonymous_1)
FN:18,(anonymous_2)
FN:27,(anonymous_3)
FN:31,(anonymous_4)
FN:34,(anonymous_5)
FN:35,(anonymous_6)
FN:38,(anonymous_7)
FN:43,(anonymous_8)
FN:46,(anonymous_9)
FN:47,(anonymous_10)
FN:48,(anonymous_11)
FN:51,(anonymous_12)
FN:55,(anonymous_13)
FN:59,(anonymous_14)
FN:83,(anonymous_15)
FN:88,(anonymous_16)
FN:93,(anonymous_17)
FN:97,(anonymous_18)
FN:98,(anonymous_19)
FN:99,(anonymous_20)
FN:100,(anonymous_21)
FN:101,(anonymous_22)
FN:102,(anonymous_23)
FN:103,(anonymous_24)
FN:112,(anonymous_25)
FN:116,(anonymous_26)
FN:125,(anonymous_27)
FN:129,(anonymous_28)
FN:130,(anonymous_29)
FN:131,(anonymous_30)
FN:132,(anonymous_31)
FNF:32
FNH:18
FNDA:77,(anonymous_0)
FNDA:77,(anonymous_1)
FNDA:0,(anonymous_2)
FNDA:11,(anonymous_3)
FNDA:3,(anonymous_4)
FNDA:0,(anonymous_5)
FNDA:0,(anonymous_6)
FNDA:0,(anonymous_7)
FNDA:3,(anonymous_8)
FNDA:0,(anonymous_9)
FNDA:0,(anonymous_10)
FNDA:0,(anonymous_11)
FNDA:0,(anonymous_12)
FNDA:0,(anonymous_13)
FNDA:32,(anonymous_14)
FNDA:3,(anonymous_15)
FNDA:0,(anonymous_16)
FNDA:15,(anonymous_17)
FNDA:11,(anonymous_18)
FNDA:1,(anonymous_19)
FNDA:0,(anonymous_20)
FNDA:0,(anonymous_21)
FNDA:0,(anonymous_22)
FNDA:0,(anonymous_23)
FNDA:1,(anonymous_24)
FNDA:5,(anonymous_25)
FNDA:6,(anonymous_26)
FNDA:17,(anonymous_27)
FNDA:6,(anonymous_28)
FNDA:3,(anonymous_29)
FNDA:3,(anonymous_30)
FNDA:3,(anonymous_31)
DA:1,9
DA:3,9
DA:4,77
DA:5,77
DA:6,77
DA:9,77
DA:10,77
DA:19,0
DA:21,0
DA:22,0
DA:23,0
DA:28,11
DA:33,3
DA:34,3
DA:35,3
DA:40,0
DA:45,3
DA:46,3
DA:47,3
DA:48,3
DA:52,0
DA:56,0
DA:60,32
DA:62,32
DA:63,32
DA:64,19
DA:65,19
DA:67,19
DA:68,19
DA:70,19
DA:71,19
DA:73,19
DA:74,7
DA:76,7
DA:77,7
DA:79,25
DA:84,3
DA:85,3
DA:89,0
DA:94,15
DA:96,14
DA:97,11
DA:98,1
DA:99,0
DA:100,0
DA:101,0
DA:102,0
DA:103,1
DA:106,14
DA:107,14
DA:108,13
DA:113,5
DA:117,6
DA:118,6
DA:126,17
DA:128,17
DA:129,6
DA:130,3
DA:131,3
DA:132,3
DA:135,17
DA:136,15
DA:138,2
LF:63
LH:51
BRDA:19,0,0,0
BRDA:22,1,0,0
BRDA:60,2,0,0
BRDA:63,3,0,32
BRDA:63,3,1,13
BRDA:94,4,0,1
BRDA:107,5,0,13
BRDA:126,6,0,0
BRDA:135,7,0,15
BRDA:135,7,1,2
BRF:10
BRH:6
end_of_record
TN:
SF:src/systems/GameState.ts
FN:16,(anonymous_0)
FN:20,(anonymous_1)
FN:30,(anonymous_2)
FN:34,(anonymous_3)
FN:38,(anonymous_4)
FN:42,(anonymous_5)
FN:46,(anonymous_6)
FN:51,(anonymous_7)
FN:55,(anonymous_8)
FN:60,(anonymous_9)
FN:64,(anonymous_10)
FN:71,(anonymous_11)
FN:84,(anonymous_12)
FN:99,(anonymous_13)
FN:107,(anonymous_14)
FNF:15
FNH:8
FNDA:34,(anonymous_0)
FNDA:20,(anonymous_1)
FNDA:19,(anonymous_2)
FNDA:0,(anonymous_3)
FNDA:31,(anonymous_4)
FNDA:2,(anonymous_5)
FNDA:1,(anonymous_6)
FNDA:0,(anonymous_7)
FNDA:0,(anonymous_8)
FNDA:0,(anonymous_9)
FNDA:0,(anonymous_10)
FNDA:20,(anonymous_11)
FNDA:34,(anonymous_12)
FNDA:0,(anonymous_13)
FNDA:0,(anonymous_14)
DA:1,2
DA:2,34
DA:3,34
DA:4,34
DA:7,34
DA:17,34
DA:21,20
DA:22,1
DA:25,19
DA:26,19
DA:27,19
DA:31,19
DA:35,0
DA:39,31
DA:43,2
DA:47,1
DA:48,1
DA:52,0
DA:56,0
DA:57,0
DA:61,0
DA:65,0
DA:66,0
DA:67,0
DA:68,0
DA:72,20
DA:73,20
DA:78,20
DA:80,0
DA:85,34
DA:86,34
DA:87,34
DA:88,4
DA:89,4
DA:90,4
DA:91,4
DA:94,0
DA:100,0
DA:106,0
DA:107,0
LF:40
LH:26
BRDA:21,0,0,1
BRDA:87,1,0,4
BRDA:89,2,0,4
BRDA:89,2,1,0
BRDA:89,2,2,0
BRDA:90,3,0,4
BRDA:90,3,1,0
BRDA:90,3,2,0
BRDA:91,4,0,4
BRDA:91,4,1,4
BRDA:91,4,2,4
BRDA:106,5,0,0
BRDA:106,5,1,0
BRF:13
BRH:7
end_of_record
TN:
SF:src/systems/PuzzleSystem.ts
FN:17,(anonymous_0)
FN:23,(anonymous_1)
FN:30,(anonymous_2)
FN:43,(anonymous_3)
FN:56,(anonymous_4)
FN:68,(anonymous_5)
FN:75,(anonymous_6)
FN:79,(anonymous_7)
FN:83,(anonymous_8)
FN:86,(anonymous_9)
FN:100,(anonymous_10)
FN:104,(anonymous_11)
FN:105,(anonymous_12)
FN:110,(anonymous_13)
FN:115,(anonymous_14)
FN:122,(anonymous_15)
FN:127,(anonymous_16)
FN:133,(anonymous_17)
FN:140,(anonymous_18)
FN:143,(anonymous_19)
FNF:20
FNH:8
FNDA:14,(anonymous_0)
FNDA:14,(anonymous_1)
FNDA:3,(anonymous_2)
FNDA:0,(anonymous_3)
FNDA:0,(anonymous_4)
FNDA:1,(anonymous_5)
FNDA:0,(anonymous_6)
FNDA:0,(anonymous_7)
FNDA:0,(anonymous_8)
FNDA:0,(anonymous_9)
FNDA:0,(anonymous_10)
FNDA:0,(anonymous_11)
FNDA:0,(anonymous_12)
FNDA:0,(anonymous_13)
FNDA:0,(anonymous_14)
FNDA:0,(anonymous_15)
FNDA:10,(anonymous_16)
FNDA:10,(anonymous_17)
FNDA:14,(anonymous_18)
FNDA:6,(anonymous_19)
DA:1,2
DA:12,2
DA:13,14
DA:14,14
DA:15,14
DA:18,14
DA:19,14
DA:20,14
DA:25,14
DA:32,3
DA:38,14
DA:44,0
DA:45,0
DA:51,14
DA:57,0
DA:63,14
DA:69,1
DA:76,0
DA:80,0
DA:81,0
DA:83,0
DA:87,0
DA:88,0
DA:90,0
DA:92,0
DA:93,0
DA:94,0
DA:97,0
DA:101,0
DA:105,0
DA:106,0
DA:111,0
DA:112,0
DA:116,0
DA:123,0
DA:129,10
DA:130,10
DA:134,10
DA:135,10
DA:136,10
DA:137,10
DA:140,14
DA:144,6
DA:145,6
DA:146,0
DA:150,6
DA:151,2
DA:154,4
DA:156,4
DA:157,2
DA:158,2
DA:159,2
DA:161,2
DA:163,2
LF:54
LH:32
BRDA:32,0,0,3
BRDA:32,0,1,2
BRDA:45,1,0,0
BRDA:45,1,1,0
BRDA:69,2,0,1
BRDA:69,2,1,1
BRDA:81,3,0,0
BRDA:88,4,0,0
BRDA:92,5,0,0
BRDA:92,6,0,0
BRDA:92,6,1,0
BRDA:112,7,0,0
BRDA:112,7,1,0
BRDA:135,8,0,0
BRDA:136,9,0,0
BRDA:137,10,0,0
BRDA:145,11,0,0
BRDA:150,12,0,2
BRDA:150,13,0,6
BRDA:150,13,1,6
BRDA:156,14,0,2
BRDA:156,14,1,2
BRDA:157,15,0,2
BRF:23
BRH:10
end_of_record
